<?xml version="1.0" encoding="UTF-8"?>
<!-- Generated by org.testng.reporters.JUnitReportReporter -->
<testsuite hostname="GSOD-AMCGRAIL" name="excercises.Exercise6" tests="1" failures="0" timestamp="14 Feb 2018 19:08:51 GMT" time="7.446" errors="0">
  <testcase name="testExercise6" time="7.446" classname="excercises.Exercise6"/>
</testsuite> <!-- excercises.Exercise6 -->
