<?xml version="1.0" encoding="UTF-8"?>
<!-- Generated by org.testng.reporters.JUnitReportReporter -->
<testsuite hostname="EC2AMAZ-6I6MDIP" name="excercises.Exercise8" tests="1" failures="0" timestamp="13 Feb 2018 21:42:27 GMT" time="3.605" errors="0">
  <testcase name="testExercise8" time="3.605" classname="excercises.Exercise8"/>
</testsuite> <!-- excercises.Exercise8 -->
