<?xml version="1.0" encoding="UTF-8"?>
<!-- Generated by org.testng.reporters.JUnitReportReporter -->
<testsuite hostname="EC2AMAZ-6I6MDIP" name="excercises.Exercise6" tests="1" failures="0" timestamp="13 Feb 2018 20:29:06 GMT" time="4.386" errors="0">
  <testcase name="testExercise6" time="4.386" classname="excercises.Exercise6"/>
</testsuite> <!-- excercises.Exercise6 -->
