<?xml version="1.0" encoding="UTF-8"?>
<!-- Generated by org.testng.reporters.JUnitReportReporter -->
<testsuite hostname="EC2AMAZ-6I6MDIP" name="excercises.Exercise7" tests="1" failures="0" timestamp="13 Feb 2018 20:43:58 GMT" time="4.735" errors="0">
  <testcase name="testExercise7" time="4.735" classname="excercises.Exercise7"/>
</testsuite> <!-- excercises.Exercise7 -->
